<?xml version="1.0" encoding="UTF-8"?>
<!-- Generated by org.testng.reporters.JUnitXMLReporter -->
<testsuite hostname="DESKTOP-BM4NCDP" ignored="4" name="Test" tests="1" failures="0" timestamp="08 Dec 2021 04:32:52 GMT" time="31.656" errors="0">
  <testcase name="switchToNextMenu" time="14.923" classname="com.Boilerplate.LoginTest.ReqDashboardTest"/>
  <testcase name="dashboardViewTest" time="0.0" classname="com.Boilerplate.LoginTest.ReqDashboardTest">
    <ignored/>
  </testcase> <!-- dashboardViewTest -->
  <testcase name="verifySearchField" time="0.0" classname="com.Boilerplate.LoginTest.ReqDashboardTest">
    <ignored/>
  </testcase> <!-- verifySearchField -->
  <testcase name="verifySearchResult" time="0.0" classname="com.Boilerplate.LoginTest.ReqDashboardTest">
    <ignored/>
  </testcase> <!-- verifySearchResult -->
  <testcase name="allMenulinks" time="0.0" classname="com.Boilerplate.LoginTest.ReqDashboardTest">
    <ignored/>
  </testcase> <!-- allMenulinks -->
</testsuite> <!-- Test -->
