<?xml version="1.0" encoding="UTF-8"?>
<!-- Generated by org.testng.reporters.JUnitXMLReporter -->
<testsuite hostname="DESKTOP-BM4NCDP" ignored="1" name="Test" tests="1" failures="0" timestamp="24 Nov 2021 04:32:32 GMT" time="16.864" errors="0">
  <testcase name="verifySearchField" time="4.793" classname="com.Boilerplate.LoginTest.ReqDashboardTest"/>
  <testcase name="dashboardViewTest" time="0.0" classname="com.Boilerplate.LoginTest.ReqDashboardTest">
    <ignored/>
  </testcase> <!-- dashboardViewTest -->
</testsuite> <!-- Test -->
