<?xml version="1.0" encoding="UTF-8"?>
<!-- Generated by org.testng.reporters.JUnitXMLReporter -->
<testsuite hostname="DESKTOP-BM4NCDP" ignored="5" name="Test" tests="1" failures="0" timestamp="2021-12-22T21:19:03 IST" time="31.436" errors="0">
  <testcase name="deleteContact" time="16.126" classname="com.Boilerplate.LoginTest.ReqDashboardTest"/>
  <testcase name="dashboardViewTest" time="0.0" classname="com.Boilerplate.LoginTest.ReqDashboardTest">
    <ignored/>
  </testcase> <!-- dashboardViewTest -->
  <testcase name="verifySearchField" time="0.0" classname="com.Boilerplate.LoginTest.ReqDashboardTest">
    <ignored/>
  </testcase> <!-- verifySearchField -->
  <testcase name="switchToNextMenu" time="0.0" classname="com.Boilerplate.LoginTest.ReqDashboardTest">
    <ignored/>
  </testcase> <!-- switchToNextMenu -->
  <testcase name="verifySearchResult" time="0.0" classname="com.Boilerplate.LoginTest.ReqDashboardTest">
    <ignored/>
  </testcase> <!-- verifySearchResult -->
  <testcase name="allMenulinks" time="0.0" classname="com.Boilerplate.LoginTest.ReqDashboardTest">
    <ignored/>
  </testcase> <!-- allMenulinks -->
</testsuite> <!-- Test -->
