<?xml version="1.0" encoding="UTF-8"?>
<testng-results skipped="0" failed="0" ignored="0" total="2" passed="2">
  <reporter-output>
  </reporter-output>
  <suite name="Suite" duration-ms="41058" started-at="2021-10-16T09:15:45Z" finished-at="2021-10-16T09:16:26Z">
    <groups>
    </groups>
    <test name="Test" duration-ms="41058" started-at="2021-10-16T09:15:45Z" finished-at="2021-10-16T09:16:26Z">
      <class name="com.Boilerplate.LoginTest.loginTest">
        <test-method status="PASS" signature="setUp(java.lang.String)[pri:0, instance:com.Boilerplate.LoginTest.loginTest@2b552920]" name="setUp" is-config="true" duration-ms="18230" started-at="2021-10-16T14:45:45Z" finished-at="2021-10-16T14:46:03Z">
          <params>
            <param index="0">
              <value>
                <![CDATA[chrome]]>
              </value>
            </param>
          </params>
          <reporter-output>
          </reporter-output>
        </test-method> <!-- setUp -->
        <test-method status="PASS" signature="loginTest_001()[pri:1, instance:com.Boilerplate.LoginTest.loginTest@2b552920]" name="loginTest_001" duration-ms="13195" started-at="2021-10-16T14:46:03Z" finished-at="2021-10-16T14:46:16Z">
          <reporter-output>
          </reporter-output>
        </test-method> <!-- loginTest_001 -->
        <test-method status="PASS" signature="tearDown()[pri:0, instance:com.Boilerplate.LoginTest.loginTest@2b552920]" name="tearDown" is-config="true" duration-ms="835" started-at="2021-10-16T14:46:16Z" finished-at="2021-10-16T14:46:17Z">
          <reporter-output>
          </reporter-output>
        </test-method> <!-- tearDown -->
        <test-method status="PASS" signature="setUp(java.lang.String)[pri:0, instance:com.Boilerplate.LoginTest.loginTest@2b552920]" name="setUp" is-config="true" duration-ms="7207" started-at="2021-10-16T14:46:17Z" finished-at="2021-10-16T14:46:24Z">
          <params>
            <param index="0">
              <value>
                <![CDATA[chrome]]>
              </value>
            </param>
          </params>
          <reporter-output>
          </reporter-output>
        </test-method> <!-- setUp -->
        <test-method status="PASS" signature="loginTest_002()[pri:2, instance:com.Boilerplate.LoginTest.loginTest@2b552920]" name="loginTest_002" duration-ms="864" started-at="2021-10-16T14:46:24Z" finished-at="2021-10-16T14:46:25Z">
          <reporter-output>
          </reporter-output>
        </test-method> <!-- loginTest_002 -->
        <test-method status="PASS" signature="tearDown()[pri:0, instance:com.Boilerplate.LoginTest.loginTest@2b552920]" name="tearDown" is-config="true" duration-ms="691" started-at="2021-10-16T14:46:25Z" finished-at="2021-10-16T14:46:26Z">
          <reporter-output>
          </reporter-output>
        </test-method> <!-- tearDown -->
      </class> <!-- com.Boilerplate.LoginTest.loginTest -->
    </test> <!-- Test -->
  </suite> <!-- Suite -->
</testng-results>
