<?xml version="1.0" encoding="UTF-8"?>
<testng-results skipped="0" failed="0" ignored="4" total="5" passed="1">
  <reporter-output>
  </reporter-output>
  <suite name="Suite" duration-ms="31656" started-at="2021-12-08T04:32:21Z" finished-at="2021-12-08T04:32:52Z">
    <groups>
    </groups>
    <test name="Test" duration-ms="31656" started-at="2021-12-08T04:32:21Z" finished-at="2021-12-08T04:32:52Z">
      <class name="com.Boilerplate.LoginTest.ReqDashboardTest">
        <test-method status="PASS" signature="setUp(java.lang.String)[pri:0, instance:com.Boilerplate.LoginTest.ReqDashboardTest@2b552920]" name="setUp" is-config="true" duration-ms="15992" started-at="2021-12-08T10:02:21Z" finished-at="2021-12-08T10:02:37Z">
          <params>
            <param index="0">
              <value>
                <![CDATA[chrome]]>
              </value>
            </param>
          </params>
          <reporter-output>
          </reporter-output>
        </test-method> <!-- setUp -->
        <test-method status="PASS" signature="initialize()[pri:0, instance:com.Boilerplate.LoginTest.ReqDashboardTest@2b552920]" name="initialize" is-config="true" duration-ms="38" started-at="2021-12-08T10:02:37Z" finished-at="2021-12-08T10:02:37Z">
          <reporter-output>
          </reporter-output>
        </test-method> <!-- initialize -->
        <test-method status="PASS" signature="switchToNextMenu()[pri:4, instance:com.Boilerplate.LoginTest.ReqDashboardTest@2b552920]" name="switchToNextMenu" duration-ms="14923" started-at="2021-12-08T10:02:37Z" finished-at="2021-12-08T10:02:52Z">
          <reporter-output>
          </reporter-output>
        </test-method> <!-- switchToNextMenu -->
        <test-method status="PASS" signature="tearDown(org.testng.ITestResult)[pri:0, instance:com.Boilerplate.LoginTest.ReqDashboardTest@2b552920]" name="tearDown" is-config="true" duration-ms="643" started-at="2021-12-08T10:02:52Z" finished-at="2021-12-08T10:02:52Z">
          <params>
            <param index="0">
              <value>
                <![CDATA[[TestResult name=switchToNextMenu status=SUCCESS method=ReqDashboardTest.switchToNextMenu()[pri:4, instance:com.Boilerplate.LoginTest.ReqDashboardTest@2b552920] output={null}]]]>
              </value>
            </param>
          </params>
          <reporter-output>
          </reporter-output>
        </test-method> <!-- tearDown -->
      </class> <!-- com.Boilerplate.LoginTest.ReqDashboardTest -->
    </test> <!-- Test -->
  </suite> <!-- Suite -->
</testng-results>
